<?xml version="1.0" encoding="UTF-8"?>
<!-- Generated by org.testng.reporters.JUnitXMLReporter -->
<testsuite hostname="Ramya" ignored="0" name="Default test" tests="3" failures="0" timestamp="09 Apr 2018 13:06:23 GMT" time="63.027" errors="0">
  <testcase name="loginPageTitleTest" time="0.037" classname="com.crm.qa.testcases.LoginPageTest"/>
  <testcase name="crmLogoImageTest" time="0.069" classname="com.crm.qa.testcases.LoginPageTest"/>
  <testcase name="loginTest" time="10.08" classname="com.crm.qa.testcases.LoginPageTest"/>
</testsuite> <!-- Default test -->
